In Makefile.fallbacks: guessing/checking values
XDAQ_ROOT="/opt/xdaq"
XDAQ_OS already set to "linux"
XDAQ_PLATFORM already set to "x86"
Guessed undefined XDAQ_PLATFORM to "x86"
awk: cmd. line:1: fatal: cannot open file `/home/dcfebcheck/TriDAS/emu/emuDCS/DCFEBCheck/include/emuDCS/DCFEBCheck/version.h' for reading (No such file or directory)
Calling make all in directory /home/dcfebcheck/TriDAS/emu/emuDCS/DCFEBCheck/.loop using tests
make -C /home/dcfebcheck/TriDAS/emu/emuDCS/DCFEBCheck/ -f Makefile _testsall
In Makefile.fallbacks: guessing/checking values
XDAQ_ROOT="/opt/xdaq"
XDAQ_OS already set to "linux"
XDAQ_PLATFORM already set to "x86"
Guessed undefined XDAQ_PLATFORM to "x86"
awk: cmd. line:1: fatal: cannot open file `/home/dcfebcheck/TriDAS/emu/emuDCS/DCFEBCheck/include/emuDCS/DCFEBCheck/version.h' for reading (No such file or directory)
make[1]: Entering directory `/home/dcfebcheck/TriDAS/emu/emuDCS/DCFEBCheck'
mkdir -p /home/dcfebcheck/TriDAS/emu/emuDCS/DCFEBCheck/bin/linux/x86
g++   -o  /home/dcfebcheck/TriDAS/emu/emuDCS/DCFEBCheck/test/linux/x86/Test1.exe  /home/dcfebcheck/TriDAS/emu/emuDCS/DCFEBCheck/test/linux/x86/Test1.o  -L/home/dcfebcheck/TriDAS/emu/emuDCS/DCFEBCheck/lib/linux/x86 -L/opt/xdaq/xoap/lib/linux/x86 -L/opt/xdaq/xerces/linuxx86/lib -L/opt/xdaq/asyncresolv/linuxx86/lib -L/opt/xdaq/log4cplus/linuxx86/lib -L/opt/xdaq/toolbox/lib/linux/x86 -L/opt/xdaq/xdata/lib/linux/x86 -L/opt/xdaq/xcept/lib/linux/x86 -L/opt/xdaq/pt/lib/linux/x86 -L/opt/xdaq/mimetic/linuxx86/lib -L/home/dcfebcheck/TriDAS/emu/emuDCS/DCFEBCheck/lib/linux/x86 -L/home/dcfebcheck/TriDAS/emu/emuDCS/PeripheralCore/lib/linux/x86 -L/home/dcfebcheck/TriDAS/emu/emuDCS/PeripheralApps/lib/linux/x86 -L/home/dcfebcheck/TriDAS/emu/base/lib/linux/x86 -L/home/dcfebcheck/TriDAS/emu/emuDCS/PeripheralCore/lib/linux/x86 -L/home/dcfebcheck/TriDAS/emu/emuDCS/PeripheralApps/lib/linux/x86 -L/home/dcfebcheck/TriDAS/emu/emuDCS/PeripheralCore/lib/linux/x86 -L/home/dcfebcheck/TriDAS/emu/emuDCS/PeripheralApps/lib/linux/x86 -L/home/dcfebcheck/TriDAS/x86/lib -L/opt/xdaq/lib \
-lDCFEBCheck -lpthread -ldl -lEmuPeripheralCore -lEmuPeripheralApps
/usr/lib/gcc/i386-redhat-linux/3.4.6/../../../crt1.o(.text+0x18): In function `_start':
: undefined reference to `main'
/home/dcfebcheck/TriDAS/emu/emuDCS/PeripheralApps/lib/linux/x86/libEmuPeripheralApps.so: undefined reference to `xdaq::WebApplication::~WebApplication()'
/home/dcfebcheck/TriDAS/emu/emuDCS/DCFEBCheck/lib/linux/x86/libDCFEBCheck.so: undefined reference to `xdata::String::toString()'
/home/dcfebcheck/TriDAS/emu/emuDCS/PeripheralApps/lib/linux/x86/libEmuPeripheralApps.so: undefined reference to `tstoreclient::classNameForView(std::basic_string<char, std::char_traits<char>, std::allocator<char> > const&)'
/home/dcfebcheck/TriDAS/emu/emuDCS/PeripheralApps/lib/linux/x86/libEmuPeripheralApps.so: undefined reference to `emu::db::ConfigurationEditor::setDisplayBooleansAsIntegers(bool)'
/home/dcfebcheck/TriDAS/emu/emuDCS/DCFEBCheck/lib/linux/x86/libDCFEBCheck.so: undefined reference to `cgicc::FormEntry::getValue() const'
/home/dcfebcheck/TriDAS/emu/emuDCS/PeripheralApps/lib/linux/x86/libEmuPeripheralApps.so: undefined reference to `cgicc::Cgicc::operator()(std::basic_string<char, std::char_traits<char>, std::allocator<char> > const&) const'
/home/dcfebcheck/TriDAS/emu/emuDCS/PeripheralApps/lib/linux/x86/libEmuPeripheralApps.so: undefined reference to `cgicc::Cgicc::getElement(std::basic_string<char, std::char_traits<char>, std::allocator<char> > const&)'
/home/dcfebcheck/TriDAS/emu/emuDCS/PeripheralApps/lib/linux/x86/libEmuPeripheralApps.so: undefined reference to `toolbox::net::URN::toString() const'
/home/dcfebcheck/TriDAS/emu/emuDCS/PeripheralApps/lib/linux/x86/libEmuPeripheralApps.so: undefined reference to `log4cplus::Logger::forcedLog(int, std::basic_string<char, std::char_traits<char>, std::allocator<char> > const&, char const*, int)'
/home/dcfebcheck/TriDAS/emu/emuDCS/PeripheralApps/lib/linux/x86/libEmuPeripheralApps.so: undefined reference to `xercesc_2_7::AbstractDOMParser::getDocument()'
/home/dcfebcheck/TriDAS/emu/emuDCS/PeripheralApps/lib/linux/x86/libEmuPeripheralApps.so: undefined reference to `xercesc_2_7::XMLAttDefList::getProtoType() const'
/home/dcfebcheck/TriDAS/emu/emuDCS/PeripheralApps/lib/linux/x86/libEmuPeripheralApps.so: undefined reference to `xoap::SOAPElement::getAttributeValue(xoap::SOAPName&)'
/home/dcfebcheck/TriDAS/emu/emuDCS/PeripheralApps/lib/linux/x86/libEmuPeripheralApps.so: undefined reference to `xdaq::WebApplication::Default(xgi::Input*, xgi::Output*)'
/home/dcfebcheck/TriDAS/emu/emuDCS/PeripheralApps/lib/linux/x86/libEmuPeripheralApps.so: undefined reference to `emu::db::ConfigurationEditor::Default(xgi::Input*, xgi::Output*)'
/home/dcfebcheck/TriDAS/emu/emuDCS/PeripheralApps/lib/linux/x86/libEmuPeripheralApps.so: undefined reference to `emu::db::ConfigurationEditor::addTable(std::basic_string<char, std::char_traits<char>, std::allocator<char> > const&)'
/home/dcfebcheck/TriDAS/emu/emuDCS/PeripheralApps/lib/linux/x86/libEmuPeripheralApps.so: undefined reference to `emu::db::ConfigurationEditor::columnIsDatabaseOnly(std::basic_string<char, std::char_traits<char>, std::allocator<char> > const&, std::basic_string<char, std::char_traits<char>, std::allocator<char> > const&)'
/home/dcfebcheck/TriDAS/emu/emuDCS/PeripheralApps/lib/linux/x86/libEmuPeripheralApps.so: undefined reference to `emu::db::TStoreRequest::toSOAP()'
/home/dcfebcheck/TriDAS/emu/emuDCS/PeripheralApps/lib/linux/x86/libEmuPeripheralApps.so: undefined reference to `toolbox::toString(char const*, ...)'
/home/dcfebcheck/TriDAS/emu/emuDCS/PeripheralApps/lib/linux/x86/libEmuPeripheralApps.so: undefined reference to `xcept::Exception::message()'
/home/dcfebcheck/TriDAS/emu/emuDCS/PeripheralApps/lib/linux/x86/libEmuPeripheralApps.so: undefined reference to `emu::db::ConfigurationEditor::~ConfigurationEditor()'
/home/dcfebcheck/TriDAS/emu/emuDCS/PeripheralApps/lib/linux/x86/libEmuPeripheralApps.so: undefined reference to `emu::db::ConfigurationEditor::tableHasColumn(xdata::Table&, std::basic_string<char, std::char_traits<char>, std::allocator<char> > const&)'
/home/dcfebcheck/TriDAS/emu/emuDCS/DCFEBCheck/lib/linux/x86/libDCFEBCheck.so: undefined reference to `cgicc::Cgicc::operator[](std::basic_string<char, std::char_traits<char>, std::allocator<char> > const&) const'
/home/dcfebcheck/TriDAS/emu/emuDCS/DCFEBCheck/lib/linux/x86/libDCFEBCheck.so: undefined reference to `cgicc::HTMLDoctype::~HTMLDoctype()'
/home/dcfebcheck/TriDAS/emu/emuDCS/PeripheralApps/lib/linux/x86/libEmuPeripheralApps.so: undefined reference to `xercesc_2_7::XMLMutex::lock()'
/home/dcfebcheck/TriDAS/emu/emuDCS/PeripheralApps/lib/linux/x86/libEmuPeripheralApps.so: undefined reference to `cgicc::FormFile::writeToStream(std::basic_ostream<char, std::char_traits<char> >&) const'
/home/dcfebcheck/TriDAS/emu/emuDCS/DCFEBCheck/lib/linux/x86/libDCFEBCheck.so: undefined reference to `cgicc::HTMLElement::render(std::basic_ostream<char, std::char_traits<char> >&) const'
/home/dcfebcheck/TriDAS/emu/emuDCS/PeripheralApps/lib/linux/x86/libEmuPeripheralApps.so: undefined reference to `toolbox::TimeInterval::toString(std::basic_string<char, std::char_traits<char>, std::allocator<char> > const&) const'
/home/dcfebcheck/TriDAS/emu/emuDCS/PeripheralApps/lib/linux/x86/libEmuPeripheralApps.so: undefined reference to `toolbox::TimeVal::toString(std::basic_string<char, std::char_traits<char>, std::allocator<char> > const&, toolbox::TimeVal::TimeZone) const'
/home/dcfebcheck/TriDAS/emu/emuDCS/PeripheralApps/lib/linux/x86/libEmuPeripheralApps.so: undefined reference to `log4cplus::Logger::isEnabledFor(int) const'
/home/dcfebcheck/TriDAS/emu/emuDCS/PeripheralApps/lib/linux/x86/libEmuPeripheralApps.so: undefined reference to `emu::db::ConfigurationEditor::setCachedDiff(std::basic_string<char, std::char_traits<char>, std::allocator<char> > const&, std::basic_string<char, std::char_traits<char>, std::allocator<char> > const&, xdata::Table&)'
/home/dcfebcheck/TriDAS/emu/emuDCS/PeripheralApps/lib/linux/x86/libEmuPeripheralApps.so: undefined reference to `vtable for xdata::AbstractVector'
/home/dcfebcheck/TriDAS/emu/emuDCS/PeripheralApps/lib/linux/x86/libEmuPeripheralApps.so: undefined reference to `xdata::Table::append()'
/home/dcfebcheck/TriDAS/emu/emuDCS/PeripheralApps/lib/linux/x86/libEmuPeripheralApps.so: undefined reference to `toolbox::task::TimerFactory::createTimer(std::basic_string<char, std::char_traits<char>, std::allocator<char> > const&)'
/home/dcfebcheck/TriDAS/emu/emuDCS/PeripheralApps/lib/linux/x86/libEmuPeripheralApps.so: undefined reference to `emu::db::ConfigurationEditor::attributeNameFromColumnName(std::basic_string<char, std::char_traits<char>, std::allocator<char> > const&)'
/home/dcfebcheck/TriDAS/emu/emuDCS/PeripheralApps/lib/linux/x86/libEmuPeripheralApps.so: undefined reference to `emu::db::ConfigurationEditor::outputFooter(xgi::Output*)'
/home/dcfebcheck/TriDAS/emu/emuDCS/PeripheralApps/lib/linux/x86/libEmuPeripheralApps.so: undefined reference to `emu::db::BoardsDB::BoardsDB()'
/home/dcfebcheck/TriDAS/emu/emuDCS/DCFEBCheck/lib/linux/x86/libDCFEBCheck.so: undefined reference to `xdaq::Application::Application(xdaq::ApplicationStub*)'
/home/dcfebcheck/TriDAS/emu/emuDCS/PeripheralApps/lib/linux/x86/libEmuPeripheralApps.so: undefined reference to `xercesc_2_7::XMLUni::fgXercescDefaultLocale'
/home/dcfebcheck/TriDAS/emu/emuDCS/PeripheralApps/lib/linux/x86/libEmuPeripheralApps.so: undefined reference to `emu::db::ConfigurationEditor::ConfigurationEditor(xdaq::ApplicationStub*)'
/home/dcfebcheck/TriDAS/emu/emuDCS/PeripheralApps/lib/linux/x86/libEmuPeripheralApps.so: undefined reference to `xoap::SOAPElement::addAttribute(xoap::SOAPName&, std::basic_string<char, std::char_traits<char>, std::allocator<char> > const&)'
/home/dcfebcheck/TriDAS/emu/emuDCS/DCFEBCheck/lib/linux/x86/libDCFEBCheck.so: undefined reference to `xdata::String::String(std::basic_string<char, std::char_traits<char>, std::allocator<char> >)'
/home/dcfebcheck/TriDAS/emu/emuDCS/PeripheralApps/lib/linux/x86/libEmuPeripheralApps.so: undefined reference to `toolbox::fsm::FiniteStateMachine::getStateName(char)'
/home/dcfebcheck/TriDAS/emu/emuDCS/PeripheralApps/lib/linux/x86/libEmuPeripheralApps.so: undefined reference to `toolbox::fsm::FiniteStateMachine::reset()'
/home/dcfebcheck/TriDAS/emu/emuDCS/DCFEBCheck/lib/linux/x86/libDCFEBCheck.so: undefined reference to `toolbox::lang::Class::addMethod(toolbox::lang::Method*, std::basic_string<char, std::char_traits<char>, std::allocator<char> >)'
/home/dcfebcheck/TriDAS/emu/emuDCS/PeripheralApps/lib/linux/x86/libEmuPeripheralApps.so: undefined reference to `xdata::InfoSpace::find(std::basic_string<char, std::char_traits<char>, std::allocator<char> > const&)'
/home/dcfebcheck/TriDAS/emu/emuDCS/PeripheralApps/lib/linux/x86/libEmuPeripheralApps.so: undefined reference to `cgicc::FormFile::getData() const'
/home/dcfebcheck/TriDAS/emu/emuDCS/PeripheralApps/lib/linux/x86/libEmuPeripheralApps.so: undefined reference to `xercesc_2_7::DTDEntityDecl::serialize(xercesc_2_7::XSerializeEngine&)'
/home/dcfebcheck/TriDAS/emu/emuDCS/PeripheralApps/lib/linux/x86/libEmuPeripheralApps.so: undefined reference to `log4cplus::Logger::getName() const'
/home/dcfebcheck/TriDAS/emu/emuDCS/PeripheralApps/lib/linux/x86/libEmuPeripheralApps.so: undefined reference to `xdata::Table::~Table()'
/home/dcfebcheck/TriDAS/emu/emuDCS/PeripheralApps/lib/linux/x86/libEmuPeripheralApps.so: undefined reference to `xercesc_2_7::XMLMutex::~XMLMutex()'
/home/dcfebcheck/TriDAS/emu/emuDCS/PeripheralApps/lib/linux/x86/libEmuPeripheralApps.so: undefined reference to `toolbox::trim(std::basic_string<char, std::char_traits<char>, std::allocator<char> > const&)'
/home/dcfebcheck/TriDAS/emu/emuDCS/PeripheralApps/lib/linux/x86/libEmuPeripheralApps.so: undefined reference to `typeinfo for toolbox::Event'
/home/dcfebcheck/TriDAS/emu/emuDCS/PeripheralApps/lib/linux/x86/libEmuPeripheralApps.so: undefined reference to `tstoreclient::addAttachment(xoap::CountingPtr<xoap::SOAPMessage, xoap::ThreadSafeReferenceCount, xoap::StandardObjectPolicy>, xdata::Serializable&, std::basic_string<char, std::char_traits<char>, std::allocator<char> >)'
/home/dcfebcheck/TriDAS/emu/emuDCS/PeripheralApps/lib/linux/x86/libEmuPeripheralApps.so: undefined reference to `xoap::SOAPEnvelope::getBody()'
/home/dcfebcheck/TriDAS/emu/emuDCS/PeripheralApps/lib/linux/x86/libEmuPeripheralApps.so: undefined reference to `cgicc::CgiEnvironment::CgiEnvironment(cgicc::CgiInput*)'
/home/dcfebcheck/TriDAS/emu/emuDCS/PeripheralApps/lib/linux/x86/libEmuPeripheralApps.so: undefined reference to `xdata::Table::getColumnType(std::basic_string<char, std::char_traits<char>, std::allocator<char> > const&)'
/home/dcfebcheck/TriDAS/emu/emuDCS/PeripheralApps/lib/linux/x86/libEmuPeripheralApps.so: undefined reference to `emu::db::ConfigurationEditor::readConfigFromDB(xgi::Input*, xgi::Output*)'
/home/dcfebcheck/TriDAS/emu/emuDCS/PeripheralApps/lib/linux/x86/libEmuPeripheralApps.so: undefined reference to `xcept::Exception::clone()'
/home/dcfebcheck/TriDAS/emu/emuDCS/PeripheralApps/lib/linux/x86/libEmuPeripheralApps.so: undefined reference to `toolbox::toupper(std::basic_string<char, std::char_traits<char>, std::allocator<char> > const&)'
/home/dcfebcheck/TriDAS/emu/emuDCS/PeripheralApps/lib/linux/x86/libEmuPeripheralApps.so: undefined reference to `xercesc_2_7::AbstractDOMParser::setValidationSchemaFullChecking(bool)'
/home/dcfebcheck/TriDAS/emu/emuDCS/PeripheralApps/lib/linux/x86/libEmuPeripheralApps.so: undefined reference to `emu::db::ConfigurationEditor::fillCrateRealName(int, std::basic_string<char, std::char_traits<char>, std::allocator<char> >)'
/home/dcfebcheck/TriDAS/emu/emuDCS/PeripheralApps/lib/linux/x86/libEmuPeripheralApps.so: undefined reference to `log4cplus::Logger::~Logger()'
/home/dcfebcheck/TriDAS/emu/emuDCS/DCFEBCheck/lib/linux/x86/libDCFEBCheck.so: undefined reference to `xdaq::Application::ParameterGet(xoap::CountingPtr<xoap::SOAPMessage, xoap::ThreadSafeReferenceCount, xoap::StandardObjectPolicy>)'
/home/dcfebcheck/TriDAS/emu/emuDCS/PeripheralApps/lib/linux/x86/libEmuPeripheralApps.so: undefined reference to `xdaq::WebApplication::Empty(xgi::Input*, xgi::Output*)'
/home/dcfebcheck/TriDAS/emu/emuDCS/PeripheralApps/lib/linux/x86/libEmuPeripheralApps.so: undefined reference to `cgicc::Cgicc::getFile(std::basic_string<char, std::char_traits<char>, std::allocator<char> > const&)'
/home/dcfebcheck/TriDAS/emu/emuDCS/PeripheralApps/lib/linux/x86/libEmuPeripheralApps.so: undefined reference to `xercesc_2_7::XMLPlatformUtils::Terminate()'
/home/dcfebcheck/TriDAS/emu/emuDCS/PeripheralApps/lib/linux/x86/libEmuPeripheralApps.so: undefined reference to `log4cplus::Logger::Logger(log4cplus::Logger const&)'
/home/dcfebcheck/TriDAS/emu/emuDCS/DCFEBCheck/lib/linux/x86/libDCFEBCheck.so: undefined reference to `cgicc::HTMLElement::~HTMLElement()'
/home/dcfebcheck/TriDAS/emu/emuDCS/PeripheralApps/lib/linux/x86/libEmuPeripheralApps.so: undefined reference to `xdaq::Application::getApplicationInfoSpace()'
/home/dcfebcheck/TriDAS/emu/emuDCS/PeripheralApps/lib/linux/x86/libEmuPeripheralApps.so: undefined reference to `toolbox::fsm::FiniteStateMachine::fireEvent(toolbox::mem::CountingPtr<toolbox::Event, toolbox::mem::ThreadSafeReferenceCount, toolbox::mem::StandardObjectPolicy>)'
/home/dcfebcheck/TriDAS/emu/emuDCS/PeripheralApps/lib/linux/x86/libEmuPeripheralApps.so: undefined reference to `xoap::createMessage()'
/home/dcfebcheck/TriDAS/emu/emuDCS/PeripheralApps/lib/linux/x86/libEmuPeripheralApps.so: undefined reference to `xoap::SOAPMessage::getSOAPPart()'
/home/dcfebcheck/TriDAS/emu/emuDCS/PeripheralApps/lib/linux/x86/libEmuPeripheralApps.so: undefined reference to `emu::db::ConfigurationEditor::setConfigurationDirectory(std::basic_string<char, std::char_traits<char>, std::allocator<char> > const&)'
/home/dcfebcheck/TriDAS/emu/emuDCS/PeripheralApps/lib/linux/x86/libEmuPeripheralApps.so: undefined reference to `typeinfo for xercesc_2_7::DOMException'
/home/dcfebcheck/TriDAS/emu/emuDCS/PeripheralApps/lib/linux/x86/libEmuPeripheralApps.so: undefined reference to `xercesc_2_7::DTDEntityDecl::getProtoType() const'
/home/dcfebcheck/TriDAS/emu/emuDCS/PeripheralApps/lib/linux/x86/libEmuPeripheralApps.so: undefined reference to `toolbox::TimeVal::fromString(std::basic_string<char, std::char_traits<char>, std::allocator<char> > const&, std::basic_string<char, std::char_traits<char>, std::allocator<char> > const&, toolbox::TimeVal::TimeZone)'
/home/dcfebcheck/TriDAS/emu/emuDCS/DCFEBCheck/lib/linux/x86/libDCFEBCheck.so: undefined reference to `cgicc::HTMLElement::HTMLElement(cgicc::HTMLAttributeList const*, cgicc::HTMLElement const*, std::basic_string<char, std::char_traits<char>, std::allocator<char> > const*, cgicc::HTMLElement::EElementType)'
/home/dcfebcheck/TriDAS/emu/emuDCS/PeripheralApps/lib/linux/x86/libEmuPeripheralApps.so: undefined reference to `xcept::Exception::Exception(std::basic_string<char, std::char_traits<char>, std::allocator<char> > const&, std::basic_string<char, std::char_traits<char>, std::allocator<char> > const&, std::basic_string<char, std::char_traits<char>, std::allocator<char> > const&, int, std::basic_string<char, std::char_traits<char>, std::allocator<char> > const&)'
/home/dcfebcheck/TriDAS/emu/emuDCS/PeripheralApps/lib/linux/x86/libEmuPeripheralApps.so: undefined reference to `xcept::stdformat_exception_history(xcept::Exception&)'
/home/dcfebcheck/TriDAS/emu/emuDCS/PeripheralApps/lib/linux/x86/libEmuPeripheralApps.so: undefined reference to `emu::db::TStoreRequest::TStoreRequest(std::basic_string<char, std::char_traits<char>, std::allocator<char> > const&, std::basic_string<char, std::char_traits<char>, std::allocator<char> > const&)'
/home/dcfebcheck/TriDAS/emu/emuDCS/PeripheralApps/lib/linux/x86/libEmuPeripheralApps.so: undefined reference to `toolbox::task::getTimerFactory()'
/home/dcfebcheck/TriDAS/emu/emuDCS/PeripheralApps/lib/linux/x86/libEmuPeripheralApps.so: undefined reference to `xdata::Table::getRowCount()'
/home/dcfebcheck/TriDAS/emu/emuDCS/PeripheralApps/lib/linux/x86/libEmuPeripheralApps.so: undefined reference to `cgicc::CgiEnvironment::getQueryString() const'
/home/dcfebcheck/TriDAS/emu/emuDCS/PeripheralApps/lib/linux/x86/libEmuPeripheralApps.so: undefined reference to `emu::db::ConfigurationEditor::canChangeColumn(std::basic_string<char, std::char_traits<char>, std::allocator<char> > const&, std::basic_string<char, std::char_traits<char>, std::allocator<char> > const&)'
/home/dcfebcheck/TriDAS/emu/emuDCS/PeripheralApps/lib/linux/x86/libEmuPeripheralApps.so: undefined reference to `emu::db::ConfigurationEditor::setViewID(std::basic_string<char, std::char_traits<char>, std::allocator<char> > const&)'
/home/dcfebcheck/TriDAS/emu/emuDCS/PeripheralApps/lib/linux/x86/libEmuPeripheralApps.so: undefined reference to `xoap::SOAPElement::getTextContent()'
/home/dcfebcheck/TriDAS/emu/emuDCS/PeripheralApps/lib/linux/x86/libEmuPeripheralApps.so: undefined reference to `emu::db::ConfigurationEditor::canChangeColumnGlobally(std::basic_string<char, std::char_traits<char>, std::allocator<char> > const&, std::basic_string<char, std::char_traits<char>, std::allocator<char> > const&)'
/home/dcfebcheck/TriDAS/emu/emuDCS/PeripheralApps/lib/linux/x86/libEmuPeripheralApps.so: undefined reference to `emu::db::ConfigurationEditor::setXMLRootElement(std::basic_string<char, std::char_traits<char>, std::allocator<char> > const&)'
/home/dcfebcheck/TriDAS/emu/emuDCS/DCFEBCheck/lib/linux/x86/libDCFEBCheck.so: undefined reference to `cgicc::HTMLElement::set(std::basic_string<char, std::char_traits<char>, std::allocator<char> > const&, std::basic_string<char, std::char_traits<char>, std::allocator<char> > const&)'
/home/dcfebcheck/TriDAS/emu/emuDCS/PeripheralApps/lib/linux/x86/libEmuPeripheralApps.so: undefined reference to `xoap::SOAPEnvelope::createName(std::basic_string<char, std::char_traits<char>, std::allocator<char> > const&, std::basic_string<char, std::char_traits<char>, std::allocator<char> > const&, std::basic_string<char, std::char_traits<char>, std::allocator<char> > const&)'
/home/dcfebcheck/TriDAS/emu/emuDCS/PeripheralApps/lib/linux/x86/libEmuPeripheralApps.so: undefined reference to `emu::db::ConfigurationEditor::crateIdentifierString(int)'
/home/dcfebcheck/TriDAS/emu/emuDCS/PeripheralApps/lib/linux/x86/libEmuPeripheralApps.so: undefined reference to `emu::db::ConfigurationEditor::getCachedDiff(std::basic_string<char, std::char_traits<char>, std::allocator<char> > const&, std::basic_string<char, std::char_traits<char>, std::allocator<char> > const&)'
/home/dcfebcheck/TriDAS/emu/emuDCS/PeripheralApps/lib/linux/x86/libEmuPeripheralApps.so: undefined reference to `xoap::SOAPBody::hasFault()'
/home/dcfebcheck/TriDAS/emu/emuDCS/PeripheralApps/lib/linux/x86/libEmuPeripheralApps.so: undefined reference to `toolbox::fsm::FiniteStateMachine::FiniteStateMachine()'
/home/dcfebcheck/TriDAS/emu/emuDCS/DCFEBCheck/lib/linux/x86/libDCFEBCheck.so: undefined reference to `xdaq::ContextDescriptor::getURL()'
/home/dcfebcheck/TriDAS/emu/emuDCS/PeripheralApps/lib/linux/x86/libEmuPeripheralApps.so: undefined reference to `toolbox::task::Timer::start()'
/home/dcfebcheck/TriDAS/emu/emuDCS/DCFEBCheck/lib/linux/x86/libDCFEBCheck.so: undefined reference to `xdaq::Application::getApplicationDescriptor()'
/home/dcfebcheck/TriDAS/emu/emuDCS/PeripheralApps/lib/linux/x86/libEmuPeripheralApps.so: undefined reference to `emu::db::ConfigurationEditor::outputTable(std::basic_ostream<char, std::char_traits<char> >*, xdata::Table&, std::basic_string<char, std::char_traits<char>, std::allocator<char> > const&, std::basic_string<char, std::char_traits<char>, std::allocator<char> > const&)'
/home/dcfebcheck/TriDAS/emu/emuDCS/PeripheralApps/lib/linux/x86/libEmuPeripheralApps.so: undefined reference to `xercesc_2_7::XMemory::operator new(unsigned int)'
/home/dcfebcheck/TriDAS/emu/emuDCS/PeripheralApps/lib/linux/x86/libEmuPeripheralApps.so: undefined reference to `typeinfo for xercesc_2_7::XMLEntityDecl'
/home/dcfebcheck/TriDAS/emu/emuDCS/PeripheralApps/lib/linux/x86/libEmuPeripheralApps.so: undefined reference to `xoap::XMLCh2String(unsigned short const*)'
/home/dcfebcheck/TriDAS/emu/emuDCS/PeripheralApps/lib/linux/x86/libEmuPeripheralApps.so: undefined reference to `xdata::InfoSpaceFactory::get(std::basic_string<char, std::char_traits<char>, std::allocator<char> > const&)'
/home/dcfebcheck/TriDAS/emu/emuDCS/PeripheralApps/lib/linux/x86/libEmuPeripheralApps.so: undefined reference to `xdaq::Application::getApplicationContext()'
/home/dcfebcheck/TriDAS/emu/emuDCS/PeripheralApps/lib/linux/x86/libEmuPeripheralApps.so: undefined reference to `xdaq::Application::getApplicationLogger()'
/home/dcfebcheck/TriDAS/emu/emuDCS/PeripheralApps/lib/linux/x86/libEmuPeripheralApps.so: undefined reference to `xercesc_2_7::XercesDOMParser::XercesDOMParser(xercesc_2_7::XMLValidator*, xercesc_2_7::MemoryManager*, xercesc_2_7::XMLGrammarPool*)'
/home/dcfebcheck/TriDAS/emu/emuDCS/DCFEBCheck/lib/linux/x86/libDCFEBCheck.so: undefined reference to `xdata::String::String()'
/home/dcfebcheck/TriDAS/emu/emuDCS/PeripheralApps/lib/linux/x86/libEmuPeripheralApps.so: undefined reference to `tstoreclient::connectionID(xoap::CountingPtr<xoap::SOAPMessage, xoap::ThreadSafeReferenceCount, xoap::StandardObjectPolicy>)'
/home/dcfebcheck/TriDAS/emu/emuDCS/PeripheralApps/lib/linux/x86/libEmuPeripheralApps.so: undefined reference to `xercesc_2_7::XMLPlatformUtils::fgMemoryManager'
/home/dcfebcheck/TriDAS/emu/emuDCS/DCFEBCheck/lib/linux/x86/libDCFEBCheck.so: undefined reference to `xdaq::Application::ParameterQuery(xoap::CountingPtr<xoap::SOAPMessage, xoap::ThreadSafeReferenceCount, xoap::StandardObjectPolicy>)'
/home/dcfebcheck/TriDAS/emu/emuDCS/DCFEBCheck/lib/linux/x86/libDCFEBCheck.so: undefined reference to `cgicc::HTMLElement::swapState() const'
/home/dcfebcheck/TriDAS/emu/emuDCS/DCFEBCheck/lib/linux/x86/libDCFEBCheck.so: undefined reference to `xgi::Utils::getPageFooter(std::basic_ostream<char, std::char_traits<char> >&)'
/home/dcfebcheck/TriDAS/emu/emuDCS/DCFEBCheck/lib/linux/x86/libDCFEBCheck.so: undefined reference to `cgicc::FormEntry::getIntegerValue(long, long) const'
/home/dcfebcheck/TriDAS/emu/emuDCS/PeripheralApps/lib/linux/x86/libEmuPeripheralApps.so: undefined reference to `xercesc_2_7::AbstractDOMParser::setValidationScheme(xercesc_2_7::AbstractDOMParser::ValSchemes)'
/home/dcfebcheck/TriDAS/emu/emuDCS/PeripheralApps/lib/linux/x86/libEmuPeripheralApps.so: undefined reference to `typeinfo for xdata::String'
/home/dcfebcheck/TriDAS/emu/emuDCS/PeripheralApps/lib/linux/x86/libEmuPeripheralApps.so: undefined reference to `xercesc_2_7::XMLPlatformUtils::Initialize(char const*, char const*, xercesc_2_7::PanicHandler*, xercesc_2_7::MemoryManager*, bool)'
/home/dcfebcheck/TriDAS/emu/emuDCS/PeripheralApps/lib/linux/x86/libEmuPeripheralApps.so: undefined reference to `xoap::unlock()'
/home/dcfebcheck/TriDAS/emu/emuDCS/DCFEBCheck/lib/linux/x86/libDCFEBCheck.so: undefined reference to `cgicc::HTMLDoctype::HTMLDoctype(cgicc::HTMLDoctype::EDocumentType)'
/home/dcfebcheck/TriDAS/emu/emuDCS/PeripheralApps/lib/linux/x86/libEmuPeripheralApps.so: undefined reference to `toolbox::fsm::FailedEvent::getException()'
/home/dcfebcheck/TriDAS/emu/emuDCS/PeripheralApps/lib/linux/x86/libEmuPeripheralApps.so: undefined reference to `toolbox::task::Timer::scheduleAtFixedRate(toolbox::TimeVal&, toolbox::task::TimerListener*, toolbox::TimeInterval&, void*, std::basic_string<char, std::char_traits<char>, std::allocator<char> > const&)'
/home/dcfebcheck/TriDAS/emu/emuDCS/PeripheralApps/lib/linux/x86/libEmuPeripheralApps.so: undefined reference to `emu::db::ConfigurationEditor::shouldDisplayInHex(std::basic_string<char, std::char_traits<char>, std::allocator<char> > const&)'
/home/dcfebcheck/TriDAS/emu/emuDCS/PeripheralApps/lib/linux/x86/libEmuPeripheralApps.so: undefined reference to `toolbox::TimeVal::normalize()'
/home/dcfebcheck/TriDAS/emu/emuDCS/PeripheralApps/lib/linux/x86/libEmuPeripheralApps.so: undefined reference to `emu::db::BoardsDB::CrateToDMBID(std::basic_string<char, std::char_traits<char>, std::allocator<char> >, int)'
/home/dcfebcheck/TriDAS/emu/emuDCS/PeripheralApps/lib/linux/x86/libEmuPeripheralApps.so: undefined reference to `xdata::Table::getValueAt(unsigned int, std::basic_string<char, std::char_traits<char>, std::allocator<char> > const&)'
/home/dcfebcheck/TriDAS/emu/emuDCS/PeripheralApps/lib/linux/x86/libEmuPeripheralApps.so: undefined reference to `xcept::Exception::~Exception()'
/home/dcfebcheck/TriDAS/emu/emuDCS/PeripheralApps/lib/linux/x86/libEmuPeripheralApps.so: undefined reference to `cgicc::HTMLElement::set(std::basic_string<char, std::char_traits<char>, std::allocator<char> > const&)'
/home/dcfebcheck/TriDAS/emu/emuDCS/PeripheralApps/lib/linux/x86/libEmuPeripheralApps.so: undefined reference to `xdaq::Application::createQualifiedInfoSpace(std::basic_string<char, std::char_traits<char>, std::allocator<char> > const&)'
/home/dcfebcheck/TriDAS/emu/emuDCS/PeripheralApps/lib/linux/x86/libEmuPeripheralApps.so: undefined reference to `cgicc::CgiEnvironment::getPathInfo() const'
/home/dcfebcheck/TriDAS/emu/emuDCS/PeripheralApps/lib/linux/x86/libEmuPeripheralApps.so: undefined reference to `tstoreclient::getFirstAttachmentOfType(xoap::CountingPtr<xoap::SOAPMessage, xoap::ThreadSafeReferenceCount, xoap::StandardObjectPolicy>, xdata::Serializable&)'
/home/dcfebcheck/TriDAS/emu/emuDCS/PeripheralApps/lib/linux/x86/libEmuPeripheralApps.so: undefined reference to `xcept::Exception::what() const'
/home/dcfebcheck/TriDAS/emu/emuDCS/PeripheralApps/lib/linux/x86/libEmuPeripheralApps.so: undefined reference to `toolbox::fsm::FiniteStateMachine::setInitialState(char)'
/home/dcfebcheck/TriDAS/emu/emuDCS/PeripheralApps/lib/linux/x86/libEmuPeripheralApps.so: undefined reference to `toolbox::Event::Event(std::basic_string<char, std::char_traits<char>, std::allocator<char> > const&, void*)'
/home/dcfebcheck/TriDAS/emu/emuDCS/PeripheralApps/lib/linux/x86/libEmuPeripheralApps.so: undefined reference to `xercesc_2_7::XMemory::operator delete(void*)'
/home/dcfebcheck/TriDAS/emu/emuDCS/PeripheralApps/lib/linux/x86/libEmuPeripheralApps.so: undefined reference to `xoap::SOAPFault::getDetail()'
/home/dcfebcheck/TriDAS/emu/emuDCS/DCFEBCheck/lib/linux/x86/libDCFEBCheck.so: undefined reference to `xdata::String::~String()'
/home/dcfebcheck/TriDAS/emu/emuDCS/PeripheralApps/lib/linux/x86/libEmuPeripheralApps.so: undefined reference to `tstoreclient::getNodeNamed(xoap::CountingPtr<xoap::SOAPMessage, xoap::ThreadSafeReferenceCount, xoap::StandardObjectPolicy>, std::basic_string<char, std::char_traits<char>, std::allocator<char> > const&)'
/home/dcfebcheck/TriDAS/emu/emuDCS/PeripheralApps/lib/linux/x86/libEmuPeripheralApps.so: undefined reference to `xdata::String::operator=(char const*)'
/home/dcfebcheck/TriDAS/emu/emuDCS/PeripheralApps/lib/linux/x86/libEmuPeripheralApps.so: undefined reference to `toolbox::fsm::FiniteStateMachine::getCurrentState()'
/home/dcfebcheck/TriDAS/emu/emuDCS/PeripheralCore/lib/linux/x86/libEmuPeripheralCore.so: undefined reference to `config::PackageInfo::PackageInfo(std::basic_string<char, std::char_traits<char>, std::allocator<char> > const&, std::basic_string<char, std::char_traits<char>, std::allocator<char> > const&, std::basic_string<char, std::char_traits<char>, std::allocator<char> > const&, std::basic_string<char, std::char_traits<char>, std::allocator<char> > const&, std::basic_string<char, std::char_traits<char>, std::allocator<char> > const&, std::basic_string<char, std::char_traits<char>, std::allocator<char> > const&, std::basic_string<char, std::char_traits<char>, std::allocator<char> > const&, std::basic_string<char, std::char_traits<char>, std::allocator<char> > const&)'
/home/dcfebcheck/TriDAS/emu/emuDCS/PeripheralApps/lib/linux/x86/libEmuPeripheralApps.so: undefined reference to `cgicc::Cgicc::getFiles() const'
/home/dcfebcheck/TriDAS/emu/emuDCS/DCFEBCheck/lib/linux/x86/libDCFEBCheck.so: undefined reference to `xdaq::Application::~Application()'
/home/dcfebcheck/TriDAS/emu/emuDCS/PeripheralApps/lib/linux/x86/libEmuPeripheralApps.so: undefined reference to `emu::db::ConfigurationEditor::parseConfigFromXML(xgi::Input*, xgi::Output*)'
/home/dcfebcheck/TriDAS/emu/emuDCS/PeripheralApps/lib/linux/x86/libEmuPeripheralApps.so: undefined reference to `emu::db::ConfigurationEditor::fillRootElement(xercesc_2_7::DOMElement*)'
/home/dcfebcheck/TriDAS/emu/emuDCS/PeripheralApps/lib/linux/x86/libEmuPeripheralApps.so: undefined reference to `typeinfo for xercesc_2_7::XMLException'
/home/dcfebcheck/TriDAS/emu/emuDCS/PeripheralApps/lib/linux/x86/libEmuPeripheralApps.so: undefined reference to `xercesc_2_7::AbstractDOMParser::setDoSchema(bool)'
/home/dcfebcheck/TriDAS/emu/emuDCS/PeripheralApps/lib/linux/x86/libEmuPeripheralApps.so: undefined reference to `emu::db::BoardsDB::ChamberToCFEBID(std::basic_string<char, std::char_traits<char>, std::allocator<char> >, int)'
/home/dcfebcheck/TriDAS/emu/emuDCS/PeripheralApps/lib/linux/x86/libEmuPeripheralApps.so: undefined reference to `xcept::Exception::~Exception()'
/home/dcfebcheck/TriDAS/emu/emuDCS/PeripheralApps/lib/linux/x86/libEmuPeripheralApps.so: undefined reference to `toolbox::fsm::FailedEvent::getFromState()'
/home/dcfebcheck/TriDAS/emu/emuDCS/PeripheralApps/lib/linux/x86/libEmuPeripheralApps.so: undefined reference to `xdata::Table::Table(std::map<std::basic_string<char, std::char_traits<char>, std::allocator<char> >, std::basic_string<char, std::char_traits<char>, std::allocator<char> >, xdata::Table::ci_less, std::allocator<std::pair<std::basic_string<char, std::char_traits<char>, std::allocator<char> > const, std::basic_string<char, std::char_traits<char>, std::allocator<char> > > > >&)'
/home/dcfebcheck/TriDAS/emu/emuDCS/PeripheralApps/lib/linux/x86/libEmuPeripheralApps.so: undefined reference to `xdata::Table::operator=(xdata::Table const&)'
/home/dcfebcheck/TriDAS/emu/emuDCS/PeripheralApps/lib/linux/x86/libEmuPeripheralApps.so: undefined reference to `xdaq::WebApplication::ParameterGet(xgi::Input*, xgi::Output*)'
/home/dcfebcheck/TriDAS/emu/emuDCS/PeripheralApps/lib/linux/x86/libEmuPeripheralApps.so: undefined reference to `emu::db::ConfigurationEditor::displayName(std::basic_string<char, std::char_traits<char>, std::allocator<char> > const&, std::basic_string<char, std::char_traits<char>, std::allocator<char> > const&, xdata::Table&)'
/home/dcfebcheck/TriDAS/emu/emuDCS/DCFEBCheck/lib/linux/x86/libDCFEBCheck.so: undefined reference to `cgicc::HTMLElement::HTMLElement(cgicc::HTMLElement const&)'
/home/dcfebcheck/TriDAS/emu/emuDCS/PeripheralApps/lib/linux/x86/libEmuPeripheralApps.so: undefined reference to `tstoreclient::writeXML(xercesc_2_7::DOMNode*)'
/home/dcfebcheck/TriDAS/emu/emuDCS/PeripheralApps/lib/linux/x86/libEmuPeripheralApps.so: undefined reference to `emu::db::ConfigurationEditor::setCachedTable(std::basic_string<char, std::char_traits<char>, std::allocator<char> > const&, std::basic_string<char, std::char_traits<char>, std::allocator<char> > const&, xdata::Table&)'
/home/dcfebcheck/TriDAS/emu/emuDCS/PeripheralApps/lib/linux/x86/libEmuPeripheralApps.so: undefined reference to `xdata::Table::removeColumn(std::basic_string<char, std::char_traits<char>, std::allocator<char> > const&)'
/home/dcfebcheck/TriDAS/emu/emuDCS/PeripheralApps/lib/linux/x86/libEmuPeripheralApps.so: undefined reference to `xoap::SOAPBody::addBodyElement(xoap::SOAPName&)'
/home/dcfebcheck/TriDAS/emu/emuDCS/PeripheralApps/lib/linux/x86/libEmuPeripheralApps.so: undefined reference to `xdata::Table::Table()'
/home/dcfebcheck/TriDAS/emu/emuDCS/PeripheralApps/lib/linux/x86/libEmuPeripheralApps.so: undefined reference to `emu::db::ConfigurationEditor::getTableDefinitionsIfNecessary()'
/home/dcfebcheck/TriDAS/emu/emuDCS/PeripheralApps/lib/linux/x86/libEmuPeripheralApps.so: undefined reference to `typeinfo for emu::db::ConfigurationEditor'
/home/dcfebcheck/TriDAS/emu/emuDCS/PeripheralApps/lib/linux/x86/libEmuPeripheralApps.so: undefined reference to `emu::db::ConfigurationEditor::getCachedTable(std::basic_string<char, std::char_traits<char>, std::allocator<char> > const&, std::basic_string<char, std::char_traits<char>, std::allocator<char> > const&)'
/home/dcfebcheck/TriDAS/emu/emuDCS/PeripheralApps/lib/linux/x86/libEmuPeripheralApps.so: undefined reference to `xoap::SOAPMessage::~SOAPMessage()'
/home/dcfebcheck/TriDAS/emu/emuDCS/PeripheralApps/lib/linux/x86/libEmuPeripheralApps.so: undefined reference to `emu::db::ConfigurationEditor::setTopLevelTableName(std::basic_string<char, std::char_traits<char>, std::allocator<char> > const&)'
/home/dcfebcheck/TriDAS/emu/emuDCS/DCFEBCheck/lib/linux/x86/libDCFEBCheck.so: undefined reference to `cgicc::HTMLElement::getState() const'
/home/dcfebcheck/TriDAS/emu/emuDCS/PeripheralApps/lib/linux/x86/libEmuPeripheralApps.so: undefined reference to `emu::db::ConfigurationEditor::sendSOAPMessage(xoap::CountingPtr<xoap::SOAPMessage, xoap::ThreadSafeReferenceCount, xoap::StandardObjectPolicy>&)'
/home/dcfebcheck/TriDAS/emu/emuDCS/PeripheralApps/lib/linux/x86/libEmuPeripheralApps.so: undefined reference to `emu::db::ConfigurationEditor::setTableNamePrefix(std::basic_string<char, std::char_traits<char>, std::allocator<char> > const&)'
/home/dcfebcheck/TriDAS/emu/emuDCS/DCFEBCheck/lib/linux/x86/libDCFEBCheck.so: undefined reference to `xdaq::Application::InterfaceQuery(xoap::CountingPtr<xoap::SOAPMessage, xoap::ThreadSafeReferenceCount, xoap::StandardObjectPolicy>)'
/home/dcfebcheck/TriDAS/emu/emuDCS/PeripheralApps/lib/linux/x86/libEmuPeripheralApps.so: undefined reference to `emu::db::ConfigurationEditor::outputHeader(xgi::Output*)'
/home/dcfebcheck/TriDAS/emu/emuDCS/PeripheralApps/lib/linux/x86/libEmuPeripheralApps.so: undefined reference to `xercesc_2_7::XMLEntityDecl::~XMLEntityDecl()'
/home/dcfebcheck/TriDAS/emu/emuDCS/PeripheralApps/lib/linux/x86/libEmuPeripheralApps.so: undefined reference to `toolbox::fsm::FiniteStateMachine::~FiniteStateMachine()'
/home/dcfebcheck/TriDAS/emu/emuDCS/PeripheralApps/lib/linux/x86/libEmuPeripheralApps.so: undefined reference to `xercesc_2_7::AbstractDOMParser::setDoNamespaces(bool)'
/home/dcfebcheck/TriDAS/emu/emuDCS/PeripheralApps/lib/linux/x86/libEmuPeripheralApps.so: undefined reference to `emu::db::ConfigurationEditor::clearCachedTables()'
/home/dcfebcheck/TriDAS/emu/emuDCS/DCFEBCheck/lib/linux/x86/libDCFEBCheck.so: undefined reference to `xdaq::Application::~Application()'
/home/dcfebcheck/TriDAS/emu/emuDCS/PeripheralApps/lib/linux/x86/libEmuPeripheralApps.so: undefined reference to `emu::db::ConfigurationEditor::elementNameFromTableName(std::basic_string<char, std::char_traits<char>, std::allocator<char> > const&)'
/home/dcfebcheck/TriDAS/emu/emuDCS/PeripheralApps/lib/linux/x86/libEmuPeripheralApps.so: undefined reference to `emu::db::ConfigurationEditor::disconnect(std::basic_string<char, std::char_traits<char>, std::allocator<char> > const&)'
/home/dcfebcheck/TriDAS/emu/emuDCS/DCFEBCheck/lib/linux/x86/libDCFEBCheck.so: undefined reference to `xdata::String::operator std::basic_string<char, std::char_traits<char>, std::allocator<char> >()'
/home/dcfebcheck/TriDAS/emu/emuDCS/DCFEBCheck/lib/linux/x86/libDCFEBCheck.so: undefined reference to `cgicc::operator<<(std::basic_ostream<char, std::char_traits<char> >&, cgicc::MStreamable const&)'
/home/dcfebcheck/TriDAS/emu/emuDCS/PeripheralApps/lib/linux/x86/libEmuPeripheralApps.so: undefined reference to `xercesc_2_7::XMLMutex::unlock()'
/home/dcfebcheck/TriDAS/emu/emuDCS/PeripheralApps/lib/linux/x86/libEmuPeripheralApps.so: undefined reference to `xdata::Table::clear()'
/home/dcfebcheck/TriDAS/emu/emuDCS/PeripheralApps/lib/linux/x86/libEmuPeripheralApps.so: undefined reference to `xcept::Exception::Exception(std::basic_string<char, std::char_traits<char>, std::allocator<char> > const&, std::basic_string<char, std::char_traits<char>, std::allocator<char> > const&, std::basic_string<char, std::char_traits<char>, std::allocator<char> > const&, int, std::basic_string<char, std::char_traits<char>, std::allocator<char> > const&, xcept::Exception&)'
/home/dcfebcheck/TriDAS/emu/emuDCS/PeripheralApps/lib/linux/x86/libEmuPeripheralApps.so: undefined reference to `xcept::Exception::Exception(std::basic_string<char, std::char_traits<char>, std::allocator<char> > const&, std::basic_string<char, std::char_traits<char>, std::allocator<char> > const&, std::basic_string<char, std::char_traits<char>, std::allocator<char> > const&, int, std::basic_string<char, std::char_traits<char>, std::allocator<char> > const&, xcept::Exception&)'
/home/dcfebcheck/TriDAS/emu/emuDCS/DCFEBCheck/lib/linux/x86/libDCFEBCheck.so: undefined reference to `cgicc::Cgicc::getElement(std::basic_string<char, std::char_traits<char>, std::allocator<char> > const&) const'
/home/dcfebcheck/TriDAS/emu/emuDCS/PeripheralApps/lib/linux/x86/libEmuPeripheralApps.so: undefined reference to `xercesc_2_7::AbstractDOMParser::parse(char const*)'
/home/dcfebcheck/TriDAS/emu/emuDCS/DCFEBCheck/lib/linux/x86/libDCFEBCheck.so: undefined reference to `xdaq::Application::~Application()'
/home/dcfebcheck/TriDAS/emu/emuDCS/PeripheralApps/lib/linux/x86/libEmuPeripheralApps.so: undefined reference to `typeinfo for xdaq::WebApplication'
/home/dcfebcheck/TriDAS/emu/emuDCS/PeripheralApps/lib/linux/x86/libEmuPeripheralApps.so: undefined reference to `xoap::lock()'
/home/dcfebcheck/TriDAS/emu/emuDCS/DCFEBCheck/lib/linux/x86/libDCFEBCheck.so: undefined reference to `typeinfo for cgicc::HTMLElement'
/home/dcfebcheck/TriDAS/emu/emuDCS/PeripheralApps/lib/linux/x86/libEmuPeripheralApps.so: undefined reference to `xercesc_2_7::XMLString::transcode(char const*)'
/home/dcfebcheck/TriDAS/emu/emuDCS/PeripheralApps/lib/linux/x86/libEmuPeripheralApps.so: undefined reference to `xoap::SOAPPart::getEnvelope()'
/home/dcfebcheck/TriDAS/emu/emuDCS/PeripheralApps/lib/linux/x86/libEmuPeripheralApps.so: undefined reference to `toolbox::TimeInterval::normalize()'
/home/dcfebcheck/TriDAS/emu/emuDCS/PeripheralApps/lib/linux/x86/libEmuPeripheralApps.so: undefined reference to `emu::db::ConfigurationEditor::~ConfigurationEditor()'
/home/dcfebcheck/TriDAS/emu/emuDCS/PeripheralApps/lib/linux/x86/libEmuPeripheralApps.so: undefined reference to `emu::db::ConfigurationEditor::outputFileSelector(xgi::Output*)'
/home/dcfebcheck/TriDAS/emu/emuDCS/PeripheralApps/lib/linux/x86/libEmuPeripheralApps.so: undefined reference to `cgicc::Cgicc::getEnvironment() const'
/home/dcfebcheck/TriDAS/emu/emuDCS/PeripheralApps/lib/linux/x86/libEmuPeripheralApps.so: undefined reference to `xdaq::WebApplication::~WebApplication()'
/home/dcfebcheck/TriDAS/emu/emuDCS/DCFEBCheck/lib/linux/x86/libDCFEBCheck.so: undefined reference to `xgi::Utils::getPageHeader(std::basic_ostream<char, std::char_traits<char> >*, std::basic_string<char, std::char_traits<char>, std::allocator<char> > const&, std::basic_string<char, std::char_traits<char>, std::allocator<char> > const&, std::basic_string<char, std::char_traits<char>, std::allocator<char> > const&, std::basic_string<char, std::char_traits<char>, std::allocator<char> > const&)'
/home/dcfebcheck/TriDAS/emu/emuDCS/DCFEBCheck/lib/linux/x86/libDCFEBCheck.so: undefined reference to `typeinfo for xdaq::Application'
/home/dcfebcheck/TriDAS/emu/emuDCS/PeripheralApps/lib/linux/x86/libEmuPeripheralApps.so: undefined reference to `xdata::InfoSpace::fireItemAvailable(std::basic_string<char, std::char_traits<char>, std::allocator<char> > const&, xdata::Serializable*, void*)'
/home/dcfebcheck/TriDAS/emu/emuDCS/PeripheralApps/lib/linux/x86/libEmuPeripheralApps.so: undefined reference to `xdata::Table::getTableDefinition()'
/home/dcfebcheck/TriDAS/emu/emuDCS/PeripheralApps/lib/linux/x86/libEmuPeripheralApps.so: undefined reference to `emu::db::ConfigurationEditor::getTableDefinitions(std::basic_string<char, std::char_traits<char>, std::allocator<char> > const&)'
/home/dcfebcheck/TriDAS/emu/emuDCS/PeripheralApps/lib/linux/x86/libEmuPeripheralApps.so: undefined reference to `emu::db::TStoreRequest::addTStoreParameter(std::basic_string<char, std::char_traits<char>, std::allocator<char> > const&, std::basic_string<char, std::char_traits<char>, std::allocator<char> > const&)'
/home/dcfebcheck/TriDAS/emu/emuDCS/PeripheralApps/lib/linux/x86/libEmuPeripheralApps.so: undefined reference to `emu::db::TStoreRequest::addViewSpecificParameter(std::basic_string<char, std::char_traits<char>, std::allocator<char> > const&, std::basic_string<char, std::char_traits<char>, std::allocator<char> > const&)'
/home/dcfebcheck/TriDAS/emu/emuDCS/DCFEBCheck/lib/linux/x86/libDCFEBCheck.so: undefined reference to `cgicc::Cgicc::operator[](std::basic_string<char, std::char_traits<char>, std::allocator<char> > const&)'
/home/dcfebcheck/TriDAS/emu/emuDCS/PeripheralApps/lib/linux/x86/libEmuPeripheralApps.so: undefined reference to `xdaq::WebApplication::ParameterQuery(xgi::Input*, xgi::Output*)'
/home/dcfebcheck/TriDAS/emu/emuDCS/PeripheralApps/lib/linux/x86/libEmuPeripheralApps.so: undefined reference to `emu::db::ConfigurationEditor::isNumericType(std::basic_string<char, std::char_traits<char>, std::allocator<char> > const&)'
/home/dcfebcheck/TriDAS/emu/emuDCS/PeripheralApps/lib/linux/x86/libEmuPeripheralApps.so: undefined reference to `emu::db::ConfigurationEditor::getDefinition(std::basic_string<char, std::char_traits<char>, std::allocator<char> > const&, std::basic_string<char, std::char_traits<char>, std::allocator<char> > const&)'
/home/dcfebcheck/TriDAS/emu/emuDCS/DCFEBCheck/lib/linux/x86/libDCFEBCheck.so: undefined reference to `xdaq::Application::ParameterSet(xoap::CountingPtr<xoap::SOAPMessage, xoap::ThreadSafeReferenceCount, xoap::StandardObjectPolicy>)'
/home/dcfebcheck/TriDAS/emu/emuDCS/PeripheralApps/lib/linux/x86/libEmuPeripheralApps.so: undefined reference to `cgicc::FormEntry::operator*() const'
/home/dcfebcheck/TriDAS/emu/emuDCS/PeripheralApps/lib/linux/x86/libEmuPeripheralApps.so: undefined reference to `toolbox::fsm::FailedEvent::getToState()'
/home/dcfebcheck/TriDAS/emu/emuDCS/PeripheralApps/lib/linux/x86/libEmuPeripheralApps.so: undefined reference to `xercesc_2_7::PSVIItem::getActualValue() const'
/home/dcfebcheck/TriDAS/emu/emuDCS/DCFEBCheck/lib/linux/x86/libDCFEBCheck.so: undefined reference to `typeinfo for xcept::Exception'
/home/dcfebcheck/TriDAS/emu/emuDCS/PeripheralApps/lib/linux/x86/libEmuPeripheralApps.so: undefined reference to `toolbox::fsm::FiniteStateMachine::setStateName(char, std::basic_string<char, std::char_traits<char>, std::allocator<char> > const&)'
/home/dcfebcheck/TriDAS/emu/emuDCS/PeripheralApps/lib/linux/x86/libEmuPeripheralApps.so: undefined reference to `xdata::Table::Table(xdata::Table const&)'
/home/dcfebcheck/TriDAS/emu/emuDCS/PeripheralApps/lib/linux/x86/libEmuPeripheralApps.so: undefined reference to `xercesc_2_7::XMLAttDefList::isSerializable() const'
/home/dcfebcheck/TriDAS/emu/emuDCS/DCFEBCheck/lib/linux/x86/libDCFEBCheck.so: undefined reference to `cgicc::Cgicc::getElements() const'
/home/dcfebcheck/TriDAS/emu/emuDCS/PeripheralApps/lib/linux/x86/libEmuPeripheralApps.so: undefined reference to `emu::db::ConfigurationEditor::outputEndcapSelector(xgi::Output*)'
/home/dcfebcheck/TriDAS/emu/emuDCS/PeripheralApps/lib/linux/x86/libEmuPeripheralApps.so: undefined reference to `xcept::Exception::Exception(std::basic_string<char, std::char_traits<char>, std::allocator<char> > const&, std::basic_string<char, std::char_traits<char>, std::allocator<char> > const&, std::basic_string<char, std::char_traits<char>, std::allocator<char> > const&, int, std::basic_string<char, std::char_traits<char>, std::allocator<char> > const&)'
/home/dcfebcheck/TriDAS/emu/emuDCS/PeripheralApps/lib/linux/x86/libEmuPeripheralApps.so: undefined reference to `emu::db::ConfigurationEditor::setHumanReadableConfigName(std::basic_string<char, std::char_traits<char>, std::allocator<char> > const&)'
/home/dcfebcheck/TriDAS/emu/emuDCS/PeripheralApps/lib/linux/x86/libEmuPeripheralApps.so: undefined reference to `cgicc::CgiEnvironment::~CgiEnvironment()'
/home/dcfebcheck/TriDAS/emu/emuDCS/PeripheralApps/lib/linux/x86/libEmuPeripheralApps.so: undefined reference to `xdaq::WebApplication::~WebApplication()'
/home/dcfebcheck/TriDAS/emu/emuDCS/PeripheralApps/lib/linux/x86/libEmuPeripheralApps.so: undefined reference to `vtable for xcept::Exception'
/home/dcfebcheck/TriDAS/emu/emuDCS/PeripheralApps/lib/linux/x86/libEmuPeripheralApps.so: undefined reference to `emu::db::ConfigurationEditor::connect()'
/home/dcfebcheck/TriDAS/emu/emuDCS/PeripheralApps/lib/linux/x86/libEmuPeripheralApps.so: undefined reference to `toolbox::tolower(std::basic_string<char, std::char_traits<char>, std::allocator<char> > const&)'
/home/dcfebcheck/TriDAS/emu/emuDCS/PeripheralApps/lib/linux/x86/libEmuPeripheralApps.so: undefined reference to `xercesc_2_7::XMLString::transcode(unsigned short const*)'
/home/dcfebcheck/TriDAS/emu/emuDCS/PeripheralApps/lib/linux/x86/libEmuPeripheralApps.so: undefined reference to `typeinfo for xdata::AbstractVector'
/home/dcfebcheck/TriDAS/emu/emuDCS/PeripheralApps/lib/linux/x86/libEmuPeripheralApps.so: undefined reference to `xoap::SOAPNode::getDOMNode()'
/home/dcfebcheck/TriDAS/emu/emuDCS/PeripheralApps/lib/linux/x86/libEmuPeripheralApps.so: undefined reference to `xdata::Table::setValueAt(unsigned int, std::basic_string<char, std::char_traits<char>, std::allocator<char> > const&, xdata::Serializable&)'
/home/dcfebcheck/TriDAS/emu/emuDCS/PeripheralApps/lib/linux/x86/libEmuPeripheralApps.so: undefined reference to `xdata::Table::getColumns()'
/home/dcfebcheck/TriDAS/emu/emuDCS/PeripheralApps/lib/linux/x86/libEmuPeripheralApps.so: undefined reference to `emu::db::ConfigurationEditor::~ConfigurationEditor()'
/home/dcfebcheck/TriDAS/emu/emuDCS/PeripheralApps/lib/linux/x86/libEmuPeripheralApps.so: undefined reference to `emu::db::ConfigurationEditor::addChildTable(std::basic_string<char, std::char_traits<char>, std::allocator<char> > const&, std::basic_string<char, std::char_traits<char>, std::allocator<char> > const&)'
/home/dcfebcheck/TriDAS/emu/emuDCS/PeripheralApps/lib/linux/x86/libEmuPeripheralApps.so: undefined reference to `xoap::SOAPMessage::writeTo(std::basic_ostream<char, std::char_traits<char> >&)'
/home/dcfebcheck/TriDAS/emu/emuDCS/PeripheralApps/lib/linux/x86/libEmuPeripheralApps.so: undefined reference to `xdaq::WebApplication::ParameterSet(xgi::Input*, xgi::Output*)'
/home/dcfebcheck/TriDAS/emu/emuDCS/DCFEBCheck/lib/linux/x86/libDCFEBCheck.so: undefined reference to `cgicc::Cgicc::~Cgicc()'
/home/dcfebcheck/TriDAS/emu/emuDCS/DCFEBCheck/lib/linux/x86/libDCFEBCheck.so: undefined reference to `cgicc::Cgicc::Cgicc(cgicc::CgiInput*)'
/home/dcfebcheck/TriDAS/emu/emuDCS/PeripheralApps/lib/linux/x86/libEmuPeripheralApps.so: undefined reference to `emu::db::ConfigurationEditor::outputCurrentConfiguration(xgi::Output*)'
/home/dcfebcheck/TriDAS/emu/emuDCS/PeripheralApps/lib/linux/x86/libEmuPeripheralApps.so: undefined reference to `xercesc_2_7::XMLAttDefList::serialize(xercesc_2_7::XSerializeEngine&)'
/home/dcfebcheck/TriDAS/emu/emuDCS/PeripheralApps/lib/linux/x86/libEmuPeripheralApps.so: undefined reference to `xdata::AbstractVector::~AbstractVector()'
/home/dcfebcheck/TriDAS/emu/emuDCS/PeripheralApps/lib/linux/x86/libEmuPeripheralApps.so: undefined reference to `xdaq::WebApplication::WebApplication(xdaq::ApplicationStub*)'
/home/dcfebcheck/TriDAS/emu/emuDCS/PeripheralApps/lib/linux/x86/libEmuPeripheralApps.so: undefined reference to `xdata::getInfoSpaceFactory()'
/home/dcfebcheck/TriDAS/emu/emuDCS/PeripheralApps/lib/linux/x86/libEmuPeripheralApps.so: undefined reference to `xoap::SOAPBody::getFault()'
/home/dcfebcheck/TriDAS/emu/emuDCS/PeripheralApps/lib/linux/x86/libEmuPeripheralApps.so: undefined reference to `toolbox::toString(char*, ...)'
/home/dcfebcheck/TriDAS/emu/emuDCS/PeripheralApps/lib/linux/x86/libEmuPeripheralApps.so: undefined reference to `xoap::SOAPEnvelope::createName(std::basic_string<char, std::char_traits<char>, std::allocator<char> > const&)'
/home/dcfebcheck/TriDAS/emu/emuDCS/PeripheralApps/lib/linux/x86/libEmuPeripheralApps.so: undefined reference to `toolbox::task::Timer::stop()'
/home/dcfebcheck/TriDAS/emu/emuDCS/PeripheralApps/lib/linux/x86/libEmuPeripheralApps.so: undefined reference to `xercesc_2_7::DTDEntityDecl::isSerializable() const'
collect2: ld returned 1 exit status
make[1]: *** [/home/dcfebcheck/TriDAS/emu/emuDCS/DCFEBCheck/test/linux/x86/Test1.exe] Error 1
make[1]: Leaving directory `/home/dcfebcheck/TriDAS/emu/emuDCS/DCFEBCheck'
make: *** [/home/dcfebcheck/TriDAS/emu/emuDCS/DCFEBCheck/.loop] Error 2
